<?xml version="1.0" encoding="UTF-8"?>
<testng-results ignored="0" total="2" passed="1" failed="1" skipped="0">
  <reporter-output>
  </reporter-output>
  <suite started-at="2021-07-24T01:53:58 IST" name="Appium_Hybrid_Automation" finished-at="2021-07-24T01:55:02 IST" duration-ms="64259">
    <groups>
    </groups>
    <test started-at="2021-07-24T01:53:58 IST" name="Calculator Test" finished-at="2021-07-24T01:55:02 IST" duration-ms="64259">
      <class name="testcases.Calc_TC">
        <test-method is-config="true" signature="setup(java.lang.String)[pri:0, instance:testcases.Calc_TC@6572421]" started-at="2021-07-24T01:53:58 IST" name="setup" finished-at="2021-07-24T01:54:48 IST" duration-ms="49767" status="PASS">
          <params>
            <param index="0">
              <value>
                <![CDATA[launch]]>
              </value>
            </param>
          </params>
          <reporter-output>
          </reporter-output>
        </test-method> <!-- setup -->
        <test-method signature="verifyPreviewResult_Positive()[pri:1, instance:testcases.Calc_TC@6572421]" started-at="2021-07-24T01:54:48 IST" name="verifyPreviewResult_Positive" finished-at="2021-07-24T01:54:52 IST" duration-ms="4456" status="FAIL">
          <exception class="java.lang.AssertionError">
            <message>
              <![CDATA[expected [12] but found [13]]]>
            </message>
            <full-stacktrace>
              <![CDATA[java.lang.AssertionError: expected [12] but found [13]
at org.testng.Assert.fail(Assert.java:99)
at org.testng.Assert.failNotEquals(Assert.java:1037)
at org.testng.Assert.assertEqualsImpl(Assert.java:140)
at org.testng.Assert.assertEquals(Assert.java:122)
at org.testng.Assert.assertEquals(Assert.java:629)
at org.testng.Assert.assertEquals(Assert.java:639)
at testcases.Calc_TC.verifyPreviewResult_Positive(Calc_TC.java:22)
at java.base/jdk.internal.reflect.NativeMethodAccessorImpl.invoke0(Native Method)
at java.base/jdk.internal.reflect.NativeMethodAccessorImpl.invoke(NativeMethodAccessorImpl.java:64)
at java.base/jdk.internal.reflect.DelegatingMethodAccessorImpl.invoke(DelegatingMethodAccessorImpl.java:43)
at java.base/java.lang.reflect.Method.invoke(Method.java:564)
at org.testng.internal.MethodInvocationHelper.invokeMethod(MethodInvocationHelper.java:133)
at org.testng.internal.TestInvoker.invokeMethod(TestInvoker.java:598)
at org.testng.internal.TestInvoker.invokeTestMethod(TestInvoker.java:173)
at org.testng.internal.MethodRunner.runInSequence(MethodRunner.java:46)
at org.testng.internal.TestInvoker$MethodInvocationAgent.invoke(TestInvoker.java:824)
at org.testng.internal.TestInvoker.invokeTestMethods(TestInvoker.java:146)
at org.testng.internal.TestMethodWorker.invokeTestMethods(TestMethodWorker.java:146)
at org.testng.internal.TestMethodWorker.run(TestMethodWorker.java:128)
at java.base/java.util.ArrayList.forEach(ArrayList.java:1511)
at org.testng.TestRunner.privateRun(TestRunner.java:794)
at org.testng.TestRunner.run(TestRunner.java:596)
at org.testng.SuiteRunner.runTest(SuiteRunner.java:377)
at org.testng.SuiteRunner.runSequentially(SuiteRunner.java:371)
at org.testng.SuiteRunner.privateRun(SuiteRunner.java:332)
at org.testng.SuiteRunner.run(SuiteRunner.java:276)
at org.testng.SuiteRunnerWorker.runSuite(SuiteRunnerWorker.java:53)
at org.testng.SuiteRunnerWorker.run(SuiteRunnerWorker.java:96)
at org.testng.TestNG.runSuitesSequentially(TestNG.java:1212)
at org.testng.TestNG.runSuitesLocally(TestNG.java:1134)
at org.testng.TestNG.runSuites(TestNG.java:1063)
at org.testng.TestNG.run(TestNG.java:1031)
at org.testng.remote.AbstractRemoteTestNG.run(AbstractRemoteTestNG.java:115)
at org.testng.remote.RemoteTestNG.initAndRun(RemoteTestNG.java:251)
at org.testng.remote.RemoteTestNG.main(RemoteTestNG.java:77)
]]>
            </full-stacktrace>
          </exception> <!-- java.lang.AssertionError -->
          <reporter-output>
          </reporter-output>
        </test-method> <!-- verifyPreviewResult_Positive -->
        <test-method is-config="true" signature="faliurScreenshotMethod(org.testng.ITestResult)[pri:0, instance:testcases.Calc_TC@6572421]" started-at="2021-07-24T01:54:52 IST" name="faliurScreenshotMethod" finished-at="2021-07-24T01:54:54 IST" duration-ms="1492" status="PASS">
          <params>
            <param index="0">
              <value>
                <![CDATA[[TestResult name=verifyPreviewResult_Positive status=FAILURE method=Calc_TC.verifyPreviewResult_Positive()[pri:1, instance:testcases.Calc_TC@6572421] output={null}]]]>
              </value>
            </param>
          </params>
          <reporter-output>
          </reporter-output>
        </test-method> <!-- faliurScreenshotMethod -->
        <test-method signature="verifyCalculationScreen()[pri:2, instance:testcases.Calc_TC@6572421]" started-at="2021-07-24T01:54:54 IST" name="verifyCalculationScreen" finished-at="2021-07-24T01:54:58 IST" duration-ms="4403" status="PASS">
          <reporter-output>
          </reporter-output>
        </test-method> <!-- verifyCalculationScreen -->
        <test-method is-config="true" signature="faliurScreenshotMethod(org.testng.ITestResult)[pri:0, instance:testcases.Calc_TC@6572421]" started-at="2021-07-24T01:54:58 IST" name="faliurScreenshotMethod" finished-at="2021-07-24T01:54:58 IST" duration-ms="1" status="PASS">
          <params>
            <param index="0">
              <value>
                <![CDATA[[TestResult name=verifyCalculationScreen status=SUCCESS method=Calc_TC.verifyCalculationScreen()[pri:2, instance:testcases.Calc_TC@6572421] output={null}]]]>
              </value>
            </param>
          </params>
          <reporter-output>
          </reporter-output>
        </test-method> <!-- faliurScreenshotMethod -->
        <test-method is-config="true" signature="tearDown()[pri:0, instance:testcases.Calc_TC@6572421]" started-at="2021-07-24T01:54:58 IST" name="tearDown" finished-at="2021-07-24T01:55:02 IST" duration-ms="3548" status="PASS">
          <reporter-output>
          </reporter-output>
        </test-method> <!-- tearDown -->
      </class> <!-- testcases.Calc_TC -->
    </test> <!-- Calculator Test -->
  </suite> <!-- Appium_Hybrid_Automation -->
</testng-results>
