<?xml version="1.0" encoding="UTF-8"?>
<testng-results ignored="0" total="1" passed="1" failed="0" skipped="0">
  <reporter-output>
  </reporter-output>
  <suite started-at="2021-07-20T22:14:40 IST" name="Default suite" finished-at="2021-07-20T22:15:04 IST" duration-ms="23397">
    <groups>
    </groups>
    <test started-at="2021-07-20T22:14:40 IST" name="Default test" finished-at="2021-07-20T22:15:04 IST" duration-ms="23397">
      <class name="testcases.tc_loginpage.TC_LP_001">
        <test-method is-config="true" signature="setup()[pri:0, instance:testcases.tc_loginpage.TC_LP_001@15c43bd9]" started-at="2021-07-20T22:14:40 IST" name="setup" finished-at="2021-07-20T22:14:59 IST" duration-ms="19039" status="PASS">
          <reporter-output>
          </reporter-output>
        </test-method> <!-- setup -->
        <test-method signature="verifyPreviewResult_Positive()[pri:0, instance:testcases.tc_loginpage.TC_LP_001@15c43bd9]" started-at="2021-07-20T22:14:59 IST" name="verifyPreviewResult_Positive" finished-at="2021-07-20T22:15:03 IST" duration-ms="3477" status="PASS">
          <reporter-output>
          </reporter-output>
        </test-method> <!-- verifyPreviewResult_Positive -->
        <test-method is-config="true" signature="tearDown()[pri:0, instance:testcases.tc_loginpage.TC_LP_001@15c43bd9]" started-at="2021-07-20T22:15:03 IST" name="tearDown" finished-at="2021-07-20T22:15:04 IST" duration-ms="844" status="PASS">
          <reporter-output>
          </reporter-output>
        </test-method> <!-- tearDown -->
      </class> <!-- testcases.tc_loginpage.TC_LP_001 -->
    </test> <!-- Default test -->
  </suite> <!-- Default suite -->
</testng-results>
